<?xml version="1.0" encoding="UTF-8"?>
<!-- Generated by org.testng.reporters.JUnitReportReporter -->
<testsuite hostname="DESKTOP-QOFKB9B" failures="0" tests="1" name="PackageOne.BatchRunOneTest" time="0.011" errors="0" timestamp="2023-12-15T23:20:56 IST" skipped="0">
  <testcase classname="PackageOne.BatchRunOneTest" name="pushBatchRunOneTest" time="0.011"/>
</testsuite> <!-- PackageOne.BatchRunOneTest -->
