<?xml version="1.0" encoding="UTF-8"?>
<!-- Generated by org.testng.reporters.JUnitReportReporter -->
<testsuite hostname="DESKTOP-QOFKB9B" failures="0" tests="2" name="PackageOne.BatchRunOneTest" time="0.044" errors="0" timestamp="2023-12-16T12:07:08 IST" skipped="0">
  <testcase classname="PackageOne.BatchRunOneTest" name="pushBatchRunOneMethodTest" time="0.025"/>
  <testcase classname="PackageOne.BatchRunOneTest" name="pushBatchRunOneTest" time="0.019"/>
</testsuite> <!-- PackageOne.BatchRunOneTest -->
